# JRE version: OpenJDK Runtime Environment (8.0_312-b07) (build 1.8.0_312-8u312-b07-0ubuntu1~20.04-b07)
# Java VM: OpenJDK 64-Bit Server VM (25.312-b07 mixed mode linux-amd64 compressed oops)
Heap:
 def new generation   total 2165440K, used 845692K [0x00000003c0000000, 0x0000000452da0000, 0x0000000515550000)
  eden space 1924864K,  43% used [0x00000003c0000000, 0x00000003f39df050, 0x00000004357c0000)
  from space 240576K,   0% used [0x00000004357c0000, 0x00000004357c0000, 0x00000004442b0000)
  to   space 240576K,   0% used [0x00000004442b0000, 0x00000004442b0000, 0x0000000452da0000)
 tenured generation   total 4811984K, used 2887188K [0x0000000515550000, 0x000000063b084000, 0x00000007c0000000)
   the space 4811984K,  59% used [0x0000000515550000, 0x00000005c58d52b8, 0x00000005c58d5400, 0x000000063b084000)
 Metaspace       used 6253K, capacity 6402K, committed 6656K, reserved 1056768K
  class space    used 683K, capacity 731K, committed 768K, reserved 1048576K
GC Heap History (10 events):
Event: 35.386 GC heap before
{Heap before GC invocations=9 (full 0):
 def new generation   total 1258304K, used 1258304K [0x00000003c0000000, 0x0000000415550000, 0x0000000515550000)
  eden space 1118528K, 100% used [0x00000003c0000000, 0x0000000404450000, 0x0000000404450000)
  from space 139776K, 100% used [0x000000040ccd0000, 0x0000000415550000, 0x0000000415550000)
  to   space 139776K,   0% used [0x0000000404450000, 0x0000000404450000, 0x000000040ccd0000)
 tenured generation   total 2796224K, used 1438145K [0x0000000515550000, 0x00000005c0000000, 0x00000007c0000000)
   the space 2796224K,  51% used [0x0000000515550000, 0x000000056d1c06a8, 0x000000056d1c0800, 0x00000005c0000000)
 Metaspace       used 4793K, capacity 4994K, committed 5248K, reserved 1056768K
  class space    used 512K, capacity 603K, committed 640K, reserved 1048576K
Event: 37.511 GC heap after
Heap after GC invocations=10 (full 0):
 def new generation   total 1258304K, used 139776K [0x00000003c0000000, 0x0000000415550000, 0x0000000515550000)
  eden space 1118528K,   0% used [0x00000003c0000000, 0x00000003c0000000, 0x0000000404450000)
  from space 139776K, 100% used [0x0000000404450000, 0x000000040ccd0000, 0x000000040ccd0000)
  to   space 139776K,   0% used [0x000000040ccd0000, 0x000000040ccd0000, 0x0000000415550000)
 tenured generation   total 2796224K, used 1732950K [0x0000000515550000, 0x00000005c0000000, 0x00000007c0000000)
   the space 2796224K,  61% used [0x0000000515550000, 0x000000057f1a5a20, 0x000000057f1a5c00, 0x00000005c0000000)
 Metaspace       used 4793K, capacity 4994K, committed 5248K, reserved 1056768K
  class space    used 512K, capacity 603K, committed 640K, reserved 1048576K
}
Event: 38.711 GC heap before
{Heap before GC invocations=10 (full 0):
 def new generation   total 1258304K, used 1258304K [0x00000003c0000000, 0x0000000415550000, 0x0000000515550000)
  eden space 1118528K, 100% used [0x00000003c0000000, 0x0000000404450000, 0x0000000404450000)
  from space 139776K, 100% used [0x0000000404450000, 0x000000040ccd0000, 0x000000040ccd0000)
  to   space 139776K,   0% used [0x000000040ccd0000, 0x000000040ccd0000, 0x0000000415550000)
 tenured generation   total 2796224K, used 1732950K [0x0000000515550000, 0x00000005c0000000, 0x00000007c0000000)
   the space 2796224K,  61% used [0x0000000515550000, 0x000000057f1a5a20, 0x000000057f1a5c00, 0x00000005c0000000)
 Metaspace       used 4793K, capacity 4994K, committed 5248K, reserved 1056768K
  class space    used 512K, capacity 603K, committed 640K, reserved 1048576K
Event: 40.472 GC heap after
Heap after GC invocations=11 (full 0):
 def new generation   total 1258304K, used 139775K [0x00000003c0000000, 0x0000000415550000, 0x0000000515550000)
  eden space 1118528K,   0% used [0x00000003c0000000, 0x00000003c0000000, 0x0000000404450000)
  from space 139776K,  99% used [0x000000040ccd0000, 0x000000041554fff8, 0x0000000415550000)
  to   space 139776K,   0% used [0x0000000404450000, 0x0000000404450000, 0x000000040ccd0000)
 tenured generation   total 2796224K, used 2014905K [0x0000000515550000, 0x00000005c0000000, 0x00000007c0000000)
   the space 2796224K,  72% used [0x0000000515550000, 0x00000005904fe550, 0x00000005904fe600, 0x00000005c0000000)
 Metaspace       used 4793K, capacity 4994K, committed 5248K, reserved 1056768K
  class space    used 512K, capacity 603K, committed 640K, reserved 1048576K
}
Event: 41.643 GC heap before
{Heap before GC invocations=11 (full 0):
 def new generation   total 1258304K, used 1258303K [0x00000003c0000000, 0x0000000415550000, 0x0000000515550000)
  eden space 1118528K, 100% used [0x00000003c0000000, 0x0000000404450000, 0x0000000404450000)
  from space 139776K,  99% used [0x000000040ccd0000, 0x000000041554fff8, 0x0000000415550000)
  to   space 139776K,   0% used [0x0000000404450000, 0x0000000404450000, 0x000000040ccd0000)
 tenured generation   total 2796224K, used 2014905K [0x0000000515550000, 0x00000005c0000000, 0x00000007c0000000)
   the space 2796224K,  72% used [0x0000000515550000, 0x00000005904fe550, 0x00000005904fe600, 0x00000005c0000000)
 Metaspace       used 4793K, capacity 4994K, committed 5248K, reserved 1056768K
  class space    used 512K, capacity 603K, committed 640K, reserved 1048576K
Event: 43.463 GC heap after
Heap after GC invocations=12 (full 0):
 def new generation   total 1258304K, used 139776K [0x00000003c0000000, 0x0000000415550000, 0x0000000515550000)
  eden space 1118528K,   0% used [0x00000003c0000000, 0x00000003c0000000, 0x0000000404450000)
  from space 139776K, 100% used [0x0000000404450000, 0x000000040ccd0000, 0x000000040ccd0000)
  to   space 139776K,   0% used [0x000000040ccd0000, 0x000000040ccd0000, 0x0000000415550000)
 tenured generation   total 2796224K, used 2302026K [0x0000000515550000, 0x00000005c0000000, 0x00000007c0000000)
   the space 2796224K,  82% used [0x0000000515550000, 0x00000005a1d62840, 0x00000005a1d62a00, 0x00000005c0000000)
 Metaspace       used 4793K, capacity 4994K, committed 5248K, reserved 1056768K
  class space    used 512K, capacity 603K, committed 640K, reserved 1048576K
}
Event: 44.587 GC heap before
{Heap before GC invocations=12 (full 0):
 def new generation   total 1258304K, used 1258304K [0x00000003c0000000, 0x0000000415550000, 0x0000000515550000)
  eden space 1118528K, 100% used [0x00000003c0000000, 0x0000000404450000, 0x0000000404450000)
  from space 139776K, 100% used [0x0000000404450000, 0x000000040ccd0000, 0x000000040ccd0000)
  to   space 139776K,   0% used [0x000000040ccd0000, 0x000000040ccd0000, 0x0000000415550000)
 tenured generation   total 2796224K, used 2302026K [0x0000000515550000, 0x00000005c0000000, 0x00000007c0000000)
   the space 2796224K,  82% used [0x0000000515550000, 0x00000005a1d62840, 0x00000005a1d62a00, 0x00000005c0000000)
 Metaspace       used 4793K, capacity 4994K, committed 5248K, reserved 1056768K
  class space    used 512K, capacity 603K, committed 640K, reserved 1048576K
Event: 46.444 GC heap after
Heap after GC invocations=13 (full 0):
 def new generation   total 1258304K, used 139776K [0x00000003c0000000, 0x0000000415550000, 0x0000000515550000)
  eden space 1118528K,   0% used [0x00000003c0000000, 0x00000003c0000000, 0x0000000404450000)
  from space 139776K, 100% used [0x000000040ccd0000, 0x0000000415550000, 0x0000000415550000)
  to   space 139776K,   0% used [0x0000000404450000, 0x0000000404450000, 0x000000040ccd0000)
 tenured generation   total 2796224K, used 2595248K [0x0000000515550000, 0x00000005c0000000, 0x00000007c0000000)
   the space 2796224K,  92% used [0x0000000515550000, 0x00000005b3bbc0d8, 0x00000005b3bbc200, 0x00000005c0000000)
 Metaspace       used 4793K, capacity 4994K, committed 5248K, reserved 1056768K
  class space    used 512K, capacity 603K, committed 640K, reserved 1048576K
}
Event: 47.561 GC heap before
{Heap before GC invocations=13 (full 0):
 def new generation   total 1258304K, used 1258304K [0x00000003c0000000, 0x0000000415550000, 0x0000000515550000)
  eden space 1118528K, 100% used [0x00000003c0000000, 0x0000000404450000, 0x0000000404450000)
  from space 139776K, 100% used [0x000000040ccd0000, 0x0000000415550000, 0x0000000415550000)
  to   space 139776K,   0% used [0x0000000404450000, 0x0000000404450000, 0x000000040ccd0000)
 tenured generation   total 2796224K, used 2595248K [0x0000000515550000, 0x00000005c0000000, 0x00000007c0000000)
   the space 2796224K,  92% used [0x0000000515550000, 0x00000005b3bbc0d8, 0x00000005b3bbc200, 0x00000005c0000000)
 Metaspace       used 4793K, capacity 4994K, committed 5248K, reserved 1056768K
  class space    used 512K, capacity 603K, committed 640K, reserved 1048576K
Event: 59.438 GC heap after
Heap after GC invocations=14 (full 1):
 def new generation   total 2165440K, used 139775K [0x00000003c0000000, 0x0000000452da0000, 0x0000000515550000)
  eden space 1924864K,   7% used [0x00000003c0000000, 0x00000003c887ffe8, 0x00000004357c0000)
  from space 240576K,   0% used [0x00000004357c0000, 0x00000004357c0000, 0x00000004442b0000)
  to   space 240576K,   0% used [0x00000004442b0000, 0x00000004442b0000, 0x0000000452da0000)
 tenured generation   total 4811984K, used 2887188K [0x0000000515550000, 0x000000063b084000, 0x00000007c0000000)
   the space 4811984K,  59% used [0x0000000515550000, 0x00000005c58d52b8, 0x00000005c58d5400, 0x000000063b084000)
 Metaspace       used 4793K, capacity 4994K, committed 5248K, reserved 1056768K
  class space    used 512K, capacity 603K, committed 640K, reserved 1048576K
}

